GET /overview.html 304 - - 1.258 ms
GET /css/style.css 304 - - 0.969 ms
GET /img/user.jpg 404 151 - 0.504 ms
GET /img/tour-1-cover.jpg 404 159 - 0.978 ms
GET /img/tour-2-cover.jpg 404 159 - 2.378 ms
GET /img/tour-3-cover.jpg 404 159 - 2.549 ms
GET /img/tour-5-cover.jpg 404 159 - 3.372 ms
GET /img/tour-4-cover.jpg 404 159 - 3.559 ms
GET /img/logo-white.png 304 - - 3.664 ms
GET /img/tour-6-cover.jpg 404 159 - 3.406 ms
GET /img/logo-green.png 304 - - 0.623 ms
GET /img/icons.svg 304 - - 0.785 ms
GET /img/favicon.png 304 - - 1.216 ms
GET /overview.html 304 - - 6.676 ms
GET /css/style.css 304 - - 1.070 ms
GET /img/user.jpg 404 151 - 5.172 ms
GET /img/tour-1-cover.jpg 404 159 - 5.158 ms
GET /img/tour-5-cover.jpg 404 159 - 1.721 ms
GET /img/tour-2-cover.jpg 404 159 - 2.018 ms
GET /img/tour-3-cover.jpg 404 159 - 2.272 ms
GET /img/tour-4-cover.jpg 404 159 - 2.734 ms
GET /img/tour-6-cover.jpg 404 159 - 1.951 ms
GET /img/logo-white.png 304 - - 1.816 ms
GET /img/logo-green.png 304 - - 0.901 ms
GET /img/icons.svg 304 - - 1.109 ms
GET /img/favicon.png 304 - - 0.469 ms
GET /api/v1/tours 200 1897 - 12.040 ms
GET /api/v1/tours/1 200 1059 - 1.701 ms
GET /tour.html 200 18121 - 5.342 ms
GET /css/style.css 304 - - 1.308 ms
GET /img/logo-white.png 304 - - 0.866 ms
GET /img/user.jpg 404 151 - 2.325 ms
GET /img/users/user-19.jpg 200 5647 - 1.536 ms
GET /img/users/user-18.jpg 200 6280 - 1.069 ms
GET /img/users/user-17.jpg 200 32796 - 0.923 ms
GET /img/tour-5-1.jpg 404 155 - 0.714 ms
GET /img/tour-5-2.jpg 404 155 - 1.022 ms
GET /img/tour-5-3.jpg 404 155 - 0.532 ms
GET /img/users/user-7.jpg 200 6494 - 0.868 ms
GET /img/users/user-14.jpg 200 6803 - 0.839 ms
GET /img/users/user-15.jpg 200 6192 - 1.270 ms
GET /img/users/user-6.jpg 200 6400 - 1.136 ms
GET /img/users/user-3.jpg 200 6772 - 0.927 ms
GET /img/logo-green.png 304 - - 0.612 ms
GET /img/icons.svg 304 - - 0.621 ms
GET /img/pin.png 200 8176 - 1.472 ms
GET /img/tour-5-2.jpg 404 155 - 0.907 ms
GET /img/tour-5-1.jpg 404 155 - 1.189 ms
GET / 404 139 - 5.056 ms
GET /overview.html 304 - - 2.551 ms
GET /css/style.css 304 - - 1.076 ms
GET /img/user.jpg 404 151 - 3.062 ms
GET /img/tour-1-cover.jpg 404 159 - 3.325 ms
GET /img/tour-6-cover.jpg 404 159 - 1.085 ms
GET /img/tour-5-cover.jpg 404 159 - 2.873 ms
GET /img/tour-2-cover.jpg 404 159 - 3.277 ms
GET /img/tour-3-cover.jpg 404 159 - 2.889 ms
GET /img/logo-white.png 304 - - 2.742 ms
GET /img/logo-green.png 304 - - 3.749 ms
GET /img/tour-4-cover.jpg 404 159 - 1.050 ms
GET /img/icons.svg 304 - - 0.392 ms
GET /tour.html 304 - - 0.776 ms
GET /css/style.css 304 - - 5.315 ms
GET /img/logo-white.png 304 - - 4.436 ms
GET /img/user.jpg 404 151 - 0.772 ms
GET /img/users/user-19.jpg 304 - - 1.237 ms
GET /img/users/user-18.jpg 304 - - 1.179 ms
GET /img/tour-5-1.jpg 404 155 - 0.625 ms
GET /img/users/user-17.jpg 304 - - 0.657 ms
GET /img/tour-5-2.jpg 404 155 - 0.289 ms
GET /img/tour-5-3.jpg 404 155 - 0.653 ms
GET /img/users/user-7.jpg 304 - - 0.586 ms
GET /img/users/user-14.jpg 304 - - 0.281 ms
GET /img/users/user-15.jpg 304 - - 0.435 ms
GET /img/users/user-3.jpg 304 - - 0.274 ms
GET /img/users/user-6.jpg 304 - - 0.371 ms
GET /img/logo-green.png 304 - - 0.276 ms
GET /img/icons.svg 304 - - 0.195 ms
GET /img/tour-5-2.jpg 404 155 - 0.461 ms
GET /img/tour-5-1.jpg 404 155 - 1.408 ms
GET /img/pin.png 304 - - 0.868 ms
GET / 404 139 - 1.715 ms
